<?xml version="1.0" encoding="UTF-8"?>
<persistence version="2.1"
	xmlns="http://xmlns.jcp.org/xml/ns/persistence" xmlns:xsi="http://www.w3.org/2001/XMLSchema-instance"
	xsi:schemaLocation="http://xmlns.jcp.org/xml/ns/persistence http://xmlns.jcp.org/xml/ns/persistence/persistence_2_1.xsd">

   <persistence-unit name="iev" transaction-type="JTA">

      <jta-data-source>java:jboss/datasources/iev</jta-data-source>

      <class>mobi.chouette.model.iev.Link</class>
      <class>mobi.chouette.model.iev.Job</class>
      <class>mobi.chouette.model.iev.Stat</class>

      <exclude-unlisted-classes>true</exclude-unlisted-classes>
      <validation-mode>NONE</validation-mode>

      <properties>
         <property name="hibernate.show_sql" value="false" />
         <property name="hibernate.format_sql" value="true" />
         <property name="hibernate.jdbc.batch_size" value="100" />
         <property name="hibernate.default_batch_fetch_size" value="100" />
         <property name="hibernate.connection.datasource" value="java:jboss/datasources/iev" />
         <property name="hibernate.cache.use_second_level_cache"
            value="true" />
         <property name="hibernate.cache.use_query_cache" value="true" />
         <property name="javax.persistence.validation.mode" value="none" />
         <property name="hibernate.hbm2ddl.auto" value="update" />
         <property name="hibernate.default_schema" value="public" />
         <property name="hibernate.dialect" value="org.hibernate.dialect.PostgreSQLDialect" />
      </properties>
   </persistence-unit>



</persistence>
